<?xml version="1.0" encoding="UTF-8"?>
<!-- Generated by org.testng.reporters.JUnitXMLReporter -->
<testsuite ignored="0" hostname="Rumis-MacBook-Air.local" failures="0" tests="2" name="Default test" time="1.903" errors="0" timestamp="2023-09-10T16:36:48 IST">
  <testcase classname="api.test.DataDrivenTest" name="testPostUser" time="0.0">
    <skipped/>
  </testcase> <!-- testPostUser -->
  <testcase classname="api.test.DataDrivenTest" name="testDeleteUserbyName" time="0.0">
    <skipped/>
  </testcase> <!-- testDeleteUserbyName -->
</testsuite> <!-- Default test -->
