<?xml version="1.0" encoding="UTF-8"?>
<testng-results ignored="0" total="4" passed="4" failed="0" skipped="0">
  <reporter-output>
  </reporter-output>
  <suite started-at="2023-09-11T11:01:05 IST" name="PetSuite" finished-at="2023-09-11T11:01:16 IST" duration-ms="11432">
    <groups>
    </groups>
    <test started-at="2023-09-11T11:01:05 IST" name="PetTest" finished-at="2023-09-11T11:01:16 IST" duration-ms="11432">
      <class name="api.test.UserTests2">
        <test-method is-config="true" signature="setUp()[pri:0, instance:api.test.UserTests2@2053d869]" started-at="2023-09-11T11:01:05 IST" name="setUp" finished-at="2023-09-11T11:01:06 IST" duration-ms="1107" status="PASS">
          <reporter-output>
          </reporter-output>
        </test-method> <!-- setUp -->
        <test-method signature="testPostUser()[pri:1, instance:api.test.UserTests2@2053d869]" started-at="2023-09-11T11:01:06 IST" name="testPostUser" finished-at="2023-09-11T11:01:10 IST" duration-ms="4037" status="PASS">
          <reporter-output>
          </reporter-output>
        </test-method> <!-- testPostUser -->
        <test-method signature="testGetUserByName()[pri:2, instance:api.test.UserTests2@2053d869]" started-at="2023-09-11T11:01:10 IST" name="testGetUserByName" finished-at="2023-09-11T11:01:12 IST" duration-ms="1553" status="PASS">
          <reporter-output>
          </reporter-output>
        </test-method> <!-- testGetUserByName -->
        <test-method signature="testUpdateUser()[pri:3, instance:api.test.UserTests2@2053d869]" started-at="2023-09-11T11:01:12 IST" name="testUpdateUser" finished-at="2023-09-11T11:01:15 IST" duration-ms="3119" status="PASS">
          <reporter-output>
          </reporter-output>
        </test-method> <!-- testUpdateUser -->
        <test-method signature="testDeleteUserByName()[pri:4, instance:api.test.UserTests2@2053d869]" started-at="2023-09-11T11:01:15 IST" name="testDeleteUserByName" finished-at="2023-09-11T11:01:16 IST" duration-ms="1535" status="PASS">
          <reporter-output>
          </reporter-output>
        </test-method> <!-- testDeleteUserByName -->
      </class> <!-- api.test.UserTests2 -->
    </test> <!-- PetTest -->
  </suite> <!-- PetSuite -->
</testng-results>
