<?xml version="1.0" encoding="UTF-8"?>
<testsuite xmlns:xsi="http://www.w3.org/2001/XMLSchema-instance" xsi:noNamespaceSchemaLocation="https://maven.apache.org/surefire/maven-surefire-plugin/xsd/surefire-test-report-3.0.xsd" version="3.0" name="TestSuite" time="12.037" tests="4" errors="0" skipped="0" failures="0">
  <properties>
[...]
</properties>
  <testcase name="testPostUser" classname="api.test.UserTests2" time="4.043">
    <system-out><![CDATA[11:01:06.651 [main] INFO  api.test.UserTests2 - -------Creating User------------
HTTP/1.1 200 OK
Date: Mon, 11 Sep 2023 05:31:10 GMT
Content-Type: application/json
Transfer-Encoding: chunked
Connection: keep-alive
Access-Control-Allow-Origin: *
Access-Control-Allow-Methods: GET, POST, DELETE, PUT
Access-Control-Allow-Headers: Content-Type, api_key, Authorization
Server: Jetty(9.2.9.v20150224)

{
    "code": 200,
    "type": "unknown",
    "message": "771418758"
}
Post User--------------
11:01:10.683 [main] INFO  api.test.UserTests2 - -------User is Created------------
]]></system-out>
    <system-err><![CDATA[SLF4J: Failed to load class "org.slf4j.impl.StaticLoggerBinder".
SLF4J: Defaulting to no-operation (NOP) logger implementation
SLF4J: See http://www.slf4j.org/codes.html#StaticLoggerBinder for further details.
]]></system-err>
  </testcase>
  <testcase name="testGetUserByName" classname="api.test.UserTests2" time="1.56">
    <system-out><![CDATA[11:01:10.703 [main] INFO  api.test.UserTests2 - -------Getting User------------
HTTP/1.1 200 OK
Date: Mon, 11 Sep 2023 05:31:12 GMT
Content-Type: application/json
Transfer-Encoding: chunked
Connection: keep-alive
Access-Control-Allow-Origin: *
Access-Control-Allow-Methods: GET, POST, DELETE, PUT
Access-Control-Allow-Headers: Content-Type, api_key, Authorization
Server: Jetty(9.2.9.v20150224)

{
    "id": 771418758,
    "username": "frances.oreilly",
    "firstName": "Coleman",
    "lastName": "Greenfelder",
    "email": "alvera.daugherty@hotmail.com",
    "password": "7a0prtcz",
    "phone": "1-314-892-9633",
    "userStatus": 0
}
Get User--------------
11:01:12.256 [main] INFO  api.test.UserTests2 - -------Geted User------------
]]></system-out>
  </testcase>
  <testcase name="testUpdateUser" classname="api.test.UserTests2" time="3.125">
    <system-out><![CDATA[11:01:12.267 [main] INFO  api.test.UserTests2 - -------Updating User------------
{
    "code": 200,
    "type": "unknown",
    "message": "771418758"
}
11:01:15.382 [main] INFO  api.test.UserTests2 - -------Updated User Info------------
Update User--------------
]]></system-out>
  </testcase>
  <testcase name="testDeleteUserByName" classname="api.test.UserTests2" time="1.533">
    <system-out><![CDATA[11:01:15.399 [main] INFO  api.test.UserTests2 - -------Deleting User------------
11:01:16.929 [main] INFO  api.test.UserTests2 - -------User deleted------------
Delete User--------------
]]></system-out>
  </testcase>
</testsuite>