<?xml version="1.0" encoding="UTF-8"?>
<testng-results ignored="0" total="4" passed="4" failed="0" skipped="0">
  <reporter-output>
  </reporter-output>
  <suite started-at="2023-09-11T10:39:26 IST" name="PetSuite" finished-at="2023-09-11T10:39:40 IST" duration-ms="14151">
    <groups>
    </groups>
    <test started-at="2023-09-11T10:39:26 IST" name="PetTest" finished-at="2023-09-11T10:39:40 IST" duration-ms="14151">
      <class name="api.test.UserTests2">
        <test-method is-config="true" signature="setUp()[pri:0, instance:api.test.UserTests2@30457e14]" started-at="2023-09-11T10:39:26 IST" name="setUp" finished-at="2023-09-11T10:39:28 IST" duration-ms="1491" status="PASS">
          <reporter-output>
          </reporter-output>
        </test-method> <!-- setUp -->
        <test-method signature="testPostUser()[pri:1, instance:api.test.UserTests2@30457e14]" started-at="2023-09-11T10:39:28 IST" name="testPostUser" finished-at="2023-09-11T10:39:34 IST" duration-ms="5985" status="PASS">
          <reporter-output>
          </reporter-output>
        </test-method> <!-- testPostUser -->
        <test-method signature="testGetUserByName()[pri:2, instance:api.test.UserTests2@30457e14]" started-at="2023-09-11T10:39:34 IST" name="testGetUserByName" finished-at="2023-09-11T10:39:35 IST" duration-ms="1691" status="PASS">
          <reporter-output>
          </reporter-output>
        </test-method> <!-- testGetUserByName -->
        <test-method signature="testUpdateUser()[pri:3, instance:api.test.UserTests2@30457e14]" started-at="2023-09-11T10:39:35 IST" name="testUpdateUser" finished-at="2023-09-11T10:39:39 IST" duration-ms="3261" status="PASS">
          <reporter-output>
          </reporter-output>
        </test-method> <!-- testUpdateUser -->
        <test-method signature="testDeleteUserByName()[pri:4, instance:api.test.UserTests2@30457e14]" started-at="2023-09-11T10:39:39 IST" name="testDeleteUserByName" finished-at="2023-09-11T10:39:40 IST" duration-ms="1633" status="PASS">
          <reporter-output>
          </reporter-output>
        </test-method> <!-- testDeleteUserByName -->
      </class> <!-- api.test.UserTests2 -->
    </test> <!-- PetTest -->
  </suite> <!-- PetSuite -->
</testng-results>
