<?xml version="1.0" encoding="UTF-8"?>
<!-- Generated by org.testng.reporters.JUnitXMLReporter -->
<testsuite ignored="0" hostname="Rumis-MacBook-Air.local" failures="0" tests="4" name="PetTest" time="14.151" errors="0" timestamp="2023-09-11T10:39:40 IST">
  <testcase classname="api.test.UserTests2" name="testPostUser" time="5.985"/>
  <testcase classname="api.test.UserTests2" name="testGetUserByName" time="1.691"/>
  <testcase classname="api.test.UserTests2" name="testUpdateUser" time="3.261"/>
  <testcase classname="api.test.UserTests2" name="testDeleteUserByName" time="1.633"/>
</testsuite> <!-- PetTest -->
